<?xml version="1.0" encoding="UTF-8"?>
<coverage generated="1776671565288" clover="3.2.0">
  <project timestamp="1776671565289" name="All files">
    <metrics statements="21" coveredstatements="21" conditionals="4" coveredconditionals="3" methods="16" coveredmethods="16" elements="41" coveredelements="40" complexity="0" loc="21" ncloc="21" packages="2" files="2" classes="2"/>
    <package name="hooks">
      <metrics statements="8" coveredstatements="8" conditionals="0" coveredconditionals="0" methods="11" coveredmethods="11"/>
      <file name="useQuotes.ts" path="D:\workspace\ClaudeKit\vibe_plugin\loi-hay-y-dep\hooks\useQuotes.ts">
        <metrics statements="8" coveredstatements="8" conditionals="0" coveredconditionals="0" methods="11" coveredmethods="11"/>
        <line num="4" count="1" type="stmt"/>
        <line num="7" count="3" type="stmt"/>
        <line num="11" count="1400" type="stmt"/>
        <line num="15" count="201" type="stmt"/>
        <line num="19" count="3" type="stmt"/>
        <line num="20" count="304" type="stmt"/>
        <line num="21" count="5" type="stmt"/>
        <line num="25" count="5" type="stmt"/>
      </file>
    </package>
    <package name="store">
      <metrics statements="13" coveredstatements="13" conditionals="4" coveredconditionals="3" methods="5" coveredmethods="5"/>
      <file name="favoritesStore.ts" path="D:\workspace\ClaudeKit\vibe_plugin\loi-hay-y-dep\store\favoritesStore.ts">
        <metrics statements="13" coveredstatements="13" conditionals="4" coveredconditionals="3" methods="5" coveredmethods="5"/>
        <line num="4" count="1" type="stmt"/>
        <line num="14" count="1" type="stmt"/>
        <line num="19" count="2" type="stmt"/>
        <line num="20" count="2" type="stmt"/>
        <line num="21" count="1" type="cond" truecount="1" falsecount="1"/>
        <line num="22" count="1" type="stmt"/>
        <line num="24" count="1" type="stmt"/>
        <line num="29" count="14" type="stmt"/>
        <line num="30" count="14" type="cond" truecount="2" falsecount="0"/>
        <line num="31" count="5" type="stmt"/>
        <line num="33" count="14" type="stmt"/>
        <line num="34" count="14" type="stmt"/>
        <line num="37" count="3" type="stmt"/>
      </file>
    </package>
  </project>
</coverage>
