{"D:\\workspace\\ClaudeKit\\vibe_plugin\\loi-hay-y-dep\\hooks\\useQuotes.ts": {"path":"D:\\workspace\\ClaudeKit\\vibe_plugin\\loi-hay-y-dep\\hooks\\useQuotes.ts","statementMap":{"0":{"start":{"line":4,"column":13},"end":{"line":4,"column":37}},"1":{"start":{"line":7,"column":2},"end":{"line":7,"column":25}},"2":{"start":{"line":11,"column":2},"end":{"line":11,"column":64}},"3":{"start":{"line":11,"column":35},"end":{"line":11,"column":62}},"4":{"start":{"line":15,"column":2},"end":{"line":15,"column":46}},"5":{"start":{"line":15,"column":33},"end":{"line":15,"column":44}},"6":{"start":{"line":19,"column":2},"end":{"line":21,"column":48}},"7":{"start":{"line":20,"column":17},"end":{"line":20,"column":53}},"8":{"start":{"line":20,"column":41},"end":{"line":20,"column":52}},"9":{"start":{"line":21,"column":31},"end":{"line":21,"column":46}},"10":{"start":{"line":25,"column":2},"end":{"line":25,"column":50}},"11":{"start":{"line":25,"column":37},"end":{"line":25,"column":48}}},"fnMap":{"0":{"name":"useCategories","decl":{"start":{"line":6,"column":16},"end":{"line":6,"column":29}},"loc":{"start":{"line":6,"column":44},"end":{"line":8,"column":1}},"line":6},"1":{"name":"useQuotesByCategory","decl":{"start":{"line":10,"column":16},"end":{"line":10,"column":35}},"loc":{"start":{"line":10,"column":65},"end":{"line":12,"column":1}},"line":10},"2":{"name":"(anonymous_2)","decl":{"start":{"line":11,"column":28},"end":{"line":11,"column":29}},"loc":{"start":{"line":11,"column":35},"end":{"line":11,"column":62}},"line":11},"3":{"name":"useQuoteById","decl":{"start":{"line":14,"column":16},"end":{"line":14,"column":28}},"loc":{"start":{"line":14,"column":60},"end":{"line":16,"column":1}},"line":14},"4":{"name":"(anonymous_4)","decl":{"start":{"line":15,"column":26},"end":{"line":15,"column":27}},"loc":{"start":{"line":15,"column":33},"end":{"line":15,"column":44}},"line":15},"5":{"name":"useQuotesByIds","decl":{"start":{"line":18,"column":16},"end":{"line":18,"column":30}},"loc":{"start":{"line":18,"column":55},"end":{"line":22,"column":1}},"line":18},"6":{"name":"(anonymous_6)","decl":{"start":{"line":20,"column":9},"end":{"line":20,"column":10}},"loc":{"start":{"line":20,"column":17},"end":{"line":20,"column":53}},"line":20},"7":{"name":"(anonymous_7)","decl":{"start":{"line":20,"column":34},"end":{"line":20,"column":35}},"loc":{"start":{"line":20,"column":41},"end":{"line":20,"column":52}},"line":20},"8":{"name":"(anonymous_8)","decl":{"start":{"line":21,"column":12},"end":{"line":21,"column":13}},"loc":{"start":{"line":21,"column":31},"end":{"line":21,"column":46}},"line":21},"9":{"name":"useCategoryById","decl":{"start":{"line":24,"column":16},"end":{"line":24,"column":31}},"loc":{"start":{"line":24,"column":66},"end":{"line":26,"column":1}},"line":24},"10":{"name":"(anonymous_10)","decl":{"start":{"line":25,"column":30},"end":{"line":25,"column":31}},"loc":{"start":{"line":25,"column":37},"end":{"line":25,"column":48}},"line":25}},"branchMap":{},"s":{"0":1,"1":3,"2":7,"3":1400,"4":2,"5":201,"6":3,"7":5,"8":304,"9":5,"10":2,"11":5},"f":{"0":3,"1":7,"2":1400,"3":2,"4":201,"5":3,"6":5,"7":304,"8":5,"9":2,"10":5},"b":{},"_coverageSchema":"1a1c01bbd47fc00a2c39e90264f33305004495a9","hash":"e486672a1285742000794dc1c92137d7a5ffd910"}
,"D:\\workspace\\ClaudeKit\\vibe_plugin\\loi-hay-y-dep\\store\\favoritesStore.ts": {"path":"D:\\workspace\\ClaudeKit\\vibe_plugin\\loi-hay-y-dep\\store\\favoritesStore.ts","statementMap":{"0":{"start":{"line":4,"column":20},"end":{"line":4,"column":31}},"1":{"start":{"line":14,"column":33},"end":{"line":38,"column":3}},"2":{"start":{"line":14,"column":71},"end":{"line":38,"column":1}},"3":{"start":{"line":19,"column":4},"end":{"line":25,"column":5}},"4":{"start":{"line":20,"column":18},"end":{"line":20,"column":57}},"5":{"start":{"line":21,"column":28},"end":{"line":21,"column":54}},"6":{"start":{"line":22,"column":6},"end":{"line":22,"column":48}},"7":{"start":{"line":24,"column":6},"end":{"line":24,"column":30}},"8":{"start":{"line":29,"column":28},"end":{"line":29,"column":33}},"9":{"start":{"line":30,"column":17},"end":{"line":32,"column":28}},"10":{"start":{"line":31,"column":36},"end":{"line":31,"column":46}},"11":{"start":{"line":33,"column":4},"end":{"line":33,"column":31}},"12":{"start":{"line":34,"column":4},"end":{"line":34,"column":60}},"13":{"start":{"line":37,"column":30},"end":{"line":37,"column":60}}},"fnMap":{"0":{"name":"(anonymous_0)","decl":{"start":{"line":14,"column":56},"end":{"line":14,"column":57}},"loc":{"start":{"line":14,"column":71},"end":{"line":38,"column":1}},"line":14},"1":{"name":"(anonymous_1)","decl":{"start":{"line":18,"column":11},"end":{"line":18,"column":12}},"loc":{"start":{"line":18,"column":23},"end":{"line":26,"column":3}},"line":18},"2":{"name":"(anonymous_2)","decl":{"start":{"line":28,"column":10},"end":{"line":28,"column":11}},"loc":{"start":{"line":28,"column":26},"end":{"line":35,"column":3}},"line":28},"3":{"name":"(anonymous_3)","decl":{"start":{"line":31,"column":27},"end":{"line":31,"column":28}},"loc":{"start":{"line":31,"column":36},"end":{"line":31,"column":46}},"line":31},"4":{"name":"(anonymous_4)","decl":{"start":{"line":37,"column":14},"end":{"line":37,"column":15}},"loc":{"start":{"line":37,"column":30},"end":{"line":37,"column":60}},"line":37}},"branchMap":{"0":{"loc":{"start":{"line":21,"column":28},"end":{"line":21,"column":54}},"type":"cond-expr","locations":[{"start":{"line":21,"column":34},"end":{"line":21,"column":49}},{"start":{"line":21,"column":52},"end":{"line":21,"column":54}}],"line":21},"1":{"loc":{"start":{"line":30,"column":17},"end":{"line":32,"column":28}},"type":"cond-expr","locations":[{"start":{"line":31,"column":8},"end":{"line":31,"column":47}},{"start":{"line":32,"column":8},"end":{"line":32,"column":28}}],"line":30}},"s":{"0":1,"1":1,"2":1,"3":2,"4":2,"5":1,"6":1,"7":1,"8":14,"9":14,"10":5,"11":14,"12":14,"13":3},"f":{"0":1,"1":2,"2":14,"3":5,"4":3},"b":{"0":[1,0],"1":[4,10]},"_coverageSchema":"1a1c01bbd47fc00a2c39e90264f33305004495a9","hash":"806632115ee6b9dbad863010f3287b8e3b19a7df"}
}
