TN:
SF:hooks\useQuotes.ts
FN:6,useCategories
FN:10,useQuotesByCategory
FN:11,(anonymous_2)
FN:14,useQuoteById
FN:15,(anonymous_4)
FN:18,useQuotesByIds
FN:20,(anonymous_6)
FN:20,(anonymous_7)
FN:21,(anonymous_8)
FN:24,useCategoryById
FN:25,(anonymous_10)
FNF:11
FNH:11
FNDA:3,useCategories
FNDA:7,useQuotesByCategory
FNDA:1400,(anonymous_2)
FNDA:2,useQuoteById
FNDA:201,(anonymous_4)
FNDA:3,useQuotesByIds
FNDA:5,(anonymous_6)
FNDA:304,(anonymous_7)
FNDA:5,(anonymous_8)
FNDA:2,useCategoryById
FNDA:5,(anonymous_10)
DA:4,1
DA:7,3
DA:11,1400
DA:15,201
DA:19,3
DA:20,304
DA:21,5
DA:25,5
LF:8
LH:8
BRF:0
BRH:0
end_of_record
TN:
SF:store\favoritesStore.ts
FN:14,(anonymous_0)
FN:18,(anonymous_1)
FN:28,(anonymous_2)
FN:31,(anonymous_3)
FN:37,(anonymous_4)
FNF:5
FNH:5
FNDA:1,(anonymous_0)
FNDA:2,(anonymous_1)
FNDA:14,(anonymous_2)
FNDA:5,(anonymous_3)
FNDA:3,(anonymous_4)
DA:4,1
DA:14,1
DA:19,2
DA:20,2
DA:21,1
DA:22,1
DA:24,1
DA:29,14
DA:30,14
DA:31,5
DA:33,14
DA:34,14
DA:37,3
LF:13
LH:13
BRDA:21,0,0,1
BRDA:21,0,1,0
BRDA:30,1,0,4
BRDA:30,1,1,10
BRF:4
BRH:3
end_of_record
